<?xml version="1.0" encoding="UTF-8"?>
<testsuite name="TwoferTest" tests="4" skipped="3" failures="0" errors="0" timestamp="2020-05-21T13:42:17" hostname="DESKTOP-KKH1NB9" time="0.004">
  <properties/>
  <testcase name="noNameGiven" classname="TwoferTest" time="0.002"/>
  <testcase name="emptyStringIsNotTheSameAsNull" classname="TwoferTest" time="0.0">
    <skipped/>
  </testcase>
  <testcase name="aNameGiven" classname="TwoferTest" time="0.0">
    <skipped/>
  </testcase>
  <testcase name="anotherNameGiven" classname="TwoferTest" time="0.0">
    <skipped/>
  </testcase>
  <system-out><![CDATA[]]></system-out>
  <system-err><![CDATA[]]></system-err>
</testsuite>
